<?xml version="1.0" encoding="UTF-8"?>
<testsuite xmlns:xsi="http://www.w3.org/2001/XMLSchema-instance" xsi:noNamespaceSchemaLocation="https://maven.apache.org/surefire/maven-surefire-plugin/xsd/surefire-test-report.xsd" name="top.zjjacky.springboottest1.Springboottest1ApplicationTests" time="2.22" tests="1" errors="0" skipped="0" failures="0">
  <properties>
    <property name="sun.desktop" value="windows"/>
    <property name="awt.toolkit" value="sun.awt.windows.WToolkit"/>
    <property name="java.specification.version" value="9"/>
    <property name="file.encoding.pkg" value="sun.io"/>
    <property name="sun.cpu.isalist" value="amd64"/>
    <property name="sun.jnu.encoding" value="GBK"/>
    <property name="java.class.path" value="E:\Programming software\Back-endProject\IdeaProject\springboottest1\target\test-classes;E:\Programming software\Back-endProject\IdeaProject\springboottest1\target\classes;E:\ProrammingSoftware\Maven\MavenRepository\org\springframework\boot\spring-boot-starter-web\2.3.5.RELEASE\spring-boot-starter-web-2.3.5.RELEASE.jar;E:\ProrammingSoftware\Maven\MavenRepository\org\springframework\boot\spring-boot-starter\2.3.5.RELEASE\spring-boot-starter-2.3.5.RELEASE.jar;E:\ProrammingSoftware\Maven\MavenRepository\org\springframework\boot\spring-boot\2.3.5.RELEASE\spring-boot-2.3.5.RELEASE.jar;E:\ProrammingSoftware\Maven\MavenRepository\org\springframework\boot\spring-boot-autoconfigure\2.3.5.RELEASE\spring-boot-autoconfigure-2.3.5.RELEASE.jar;E:\ProrammingSoftware\Maven\MavenRepository\org\springframework\boot\spring-boot-starter-logging\2.3.5.RELEASE\spring-boot-starter-logging-2.3.5.RELEASE.jar;E:\ProrammingSoftware\Maven\MavenRepository\ch\qos\logback\logback-classic\1.2.3\logback-classic-1.2.3.jar;E:\ProrammingSoftware\Maven\MavenRepository\ch\qos\logback\logback-core\1.2.3\logback-core-1.2.3.jar;E:\ProrammingSoftware\Maven\MavenRepository\org\apache\logging\log4j\log4j-to-slf4j\2.13.3\log4j-to-slf4j-2.13.3.jar;E:\ProrammingSoftware\Maven\MavenRepository\org\apache\logging\log4j\log4j-api\2.13.3\log4j-api-2.13.3.jar;E:\ProrammingSoftware\Maven\MavenRepository\org\slf4j\jul-to-slf4j\1.7.30\jul-to-slf4j-1.7.30.jar;E:\ProrammingSoftware\Maven\MavenRepository\jakarta\annotation\jakarta.annotation-api\1.3.5\jakarta.annotation-api-1.3.5.jar;E:\ProrammingSoftware\Maven\MavenRepository\org\yaml\snakeyaml\1.26\snakeyaml-1.26.jar;E:\ProrammingSoftware\Maven\MavenRepository\org\springframework\boot\spring-boot-starter-json\2.3.5.RELEASE\spring-boot-starter-json-2.3.5.RELEASE.jar;E:\ProrammingSoftware\Maven\MavenRepository\com\fasterxml\jackson\core\jackson-databind\2.11.3\jackson-databind-2.11.3.jar;E:\ProrammingSoftware\Maven\MavenRepository\com\fasterxml\jackson\core\jackson-annotations\2.11.3\jackson-annotations-2.11.3.jar;E:\ProrammingSoftware\Maven\MavenRepository\com\fasterxml\jackson\core\jackson-core\2.11.3\jackson-core-2.11.3.jar;E:\ProrammingSoftware\Maven\MavenRepository\com\fasterxml\jackson\datatype\jackson-datatype-jdk8\2.11.3\jackson-datatype-jdk8-2.11.3.jar;E:\ProrammingSoftware\Maven\MavenRepository\com\fasterxml\jackson\datatype\jackson-datatype-jsr310\2.11.3\jackson-datatype-jsr310-2.11.3.jar;E:\ProrammingSoftware\Maven\MavenRepository\com\fasterxml\jackson\module\jackson-module-parameter-names\2.11.3\jackson-module-parameter-names-2.11.3.jar;E:\ProrammingSoftware\Maven\MavenRepository\org\springframework\boot\spring-boot-starter-tomcat\2.3.5.RELEASE\spring-boot-starter-tomcat-2.3.5.RELEASE.jar;E:\ProrammingSoftware\Maven\MavenRepository\org\apache\tomcat\embed\tomcat-embed-core\9.0.39\tomcat-embed-core-9.0.39.jar;E:\ProrammingSoftware\Maven\MavenRepository\org\glassfish\jakarta.el\3.0.3\jakarta.el-3.0.3.jar;E:\ProrammingSoftware\Maven\MavenRepository\org\apache\tomcat\embed\tomcat-embed-websocket\9.0.39\tomcat-embed-websocket-9.0.39.jar;E:\ProrammingSoftware\Maven\MavenRepository\org\springframework\spring-web\5.2.10.RELEASE\spring-web-5.2.10.RELEASE.jar;E:\ProrammingSoftware\Maven\MavenRepository\org\springframework\spring-beans\5.2.10.RELEASE\spring-beans-5.2.10.RELEASE.jar;E:\ProrammingSoftware\Maven\MavenRepository\org\springframework\spring-webmvc\5.2.10.RELEASE\spring-webmvc-5.2.10.RELEASE.jar;E:\ProrammingSoftware\Maven\MavenRepository\org\springframework\spring-aop\5.2.10.RELEASE\spring-aop-5.2.10.RELEASE.jar;E:\ProrammingSoftware\Maven\MavenRepository\org\springframework\spring-context\5.2.10.RELEASE\spring-context-5.2.10.RELEASE.jar;E:\ProrammingSoftware\Maven\MavenRepository\org\springframework\spring-expression\5.2.10.RELEASE\spring-expression-5.2.10.RELEASE.jar;E:\ProrammingSoftware\Maven\MavenRepository\org\springframework\boot\spring-boot-starter-test\2.3.5.RELEASE\spring-boot-starter-test-2.3.5.RELEASE.jar;E:\ProrammingSoftware\Maven\MavenRepository\org\springframework\boot\spring-boot-test\2.3.5.RELEASE\spring-boot-test-2.3.5.RELEASE.jar;E:\ProrammingSoftware\Maven\MavenRepository\org\springframework\boot\spring-boot-test-autoconfigure\2.3.5.RELEASE\spring-boot-test-autoconfigure-2.3.5.RELEASE.jar;E:\ProrammingSoftware\Maven\MavenRepository\com\jayway\jsonpath\json-path\2.4.0\json-path-2.4.0.jar;E:\ProrammingSoftware\Maven\MavenRepository\net\minidev\json-smart\2.3\json-smart-2.3.jar;E:\ProrammingSoftware\Maven\MavenRepository\net\minidev\accessors-smart\1.2\accessors-smart-1.2.jar;E:\ProrammingSoftware\Maven\MavenRepository\org\ow2\asm\asm\5.0.4\asm-5.0.4.jar;E:\ProrammingSoftware\Maven\MavenRepository\org\slf4j\slf4j-api\1.7.30\slf4j-api-1.7.30.jar;E:\ProrammingSoftware\Maven\MavenRepository\jakarta\xml\bind\jakarta.xml.bind-api\2.3.3\jakarta.xml.bind-api-2.3.3.jar;E:\ProrammingSoftware\Maven\MavenRepository\jakarta\activation\jakarta.activation-api\1.2.2\jakarta.activation-api-1.2.2.jar;E:\ProrammingSoftware\Maven\MavenRepository\org\assertj\assertj-core\3.16.1\assertj-core-3.16.1.jar;E:\ProrammingSoftware\Maven\MavenRepository\org\hamcrest\hamcrest\2.2\hamcrest-2.2.jar;E:\ProrammingSoftware\Maven\MavenRepository\org\junit\jupiter\junit-jupiter\5.6.3\junit-jupiter-5.6.3.jar;E:\ProrammingSoftware\Maven\MavenRepository\org\junit\jupiter\junit-jupiter-api\5.6.3\junit-jupiter-api-5.6.3.jar;E:\ProrammingSoftware\Maven\MavenRepository\org\apiguardian\apiguardian-api\1.1.0\apiguardian-api-1.1.0.jar;E:\ProrammingSoftware\Maven\MavenRepository\org\opentest4j\opentest4j\1.2.0\opentest4j-1.2.0.jar;E:\ProrammingSoftware\Maven\MavenRepository\org\junit\platform\junit-platform-commons\1.6.3\junit-platform-commons-1.6.3.jar;E:\ProrammingSoftware\Maven\MavenRepository\org\junit\jupiter\junit-jupiter-params\5.6.3\junit-jupiter-params-5.6.3.jar;E:\ProrammingSoftware\Maven\MavenRepository\org\junit\jupiter\junit-jupiter-engine\5.6.3\junit-jupiter-engine-5.6.3.jar;E:\ProrammingSoftware\Maven\MavenRepository\org\junit\platform\junit-platform-engine\1.6.3\junit-platform-engine-1.6.3.jar;E:\ProrammingSoftware\Maven\MavenRepository\org\mockito\mockito-core\3.3.3\mockito-core-3.3.3.jar;E:\ProrammingSoftware\Maven\MavenRepository\net\bytebuddy\byte-buddy\1.10.17\byte-buddy-1.10.17.jar;E:\ProrammingSoftware\Maven\MavenRepository\net\bytebuddy\byte-buddy-agent\1.10.17\byte-buddy-agent-1.10.17.jar;E:\ProrammingSoftware\Maven\MavenRepository\org\objenesis\objenesis\2.6\objenesis-2.6.jar;E:\ProrammingSoftware\Maven\MavenRepository\org\mockito\mockito-junit-jupiter\3.3.3\mockito-junit-jupiter-3.3.3.jar;E:\ProrammingSoftware\Maven\MavenRepository\org\skyscreamer\jsonassert\1.5.0\jsonassert-1.5.0.jar;E:\ProrammingSoftware\Maven\MavenRepository\com\vaadin\external\google\android-json\0.0.20131108.vaadin1\android-json-0.0.20131108.vaadin1.jar;E:\ProrammingSoftware\Maven\MavenRepository\org\springframework\spring-core\5.2.10.RELEASE\spring-core-5.2.10.RELEASE.jar;E:\ProrammingSoftware\Maven\MavenRepository\org\springframework\spring-jcl\5.2.10.RELEASE\spring-jcl-5.2.10.RELEASE.jar;E:\ProrammingSoftware\Maven\MavenRepository\org\springframework\spring-test\5.2.10.RELEASE\spring-test-5.2.10.RELEASE.jar;E:\ProrammingSoftware\Maven\MavenRepository\org\xmlunit\xmlunit-core\2.7.0\xmlunit-core-2.7.0.jar;"/>
    <property name="java.vm.vendor" value="Oracle Corporation"/>
    <property name="sun.arch.data.model" value="64"/>
    <property name="user.variant" value=""/>
    <property name="java.vendor.url" value="http://java.oracle.com/"/>
    <property name="user.timezone" value="Asia/Shanghai"/>
    <property name="java.vm.specification.version" value="9"/>
    <property name="os.name" value="Windows 10"/>
    <property name="sun.java.launcher" value="SUN_STANDARD"/>
    <property name="user.country" value="CN"/>
    <property name="sun.boot.library.path" value="E:\JDK\bin"/>
    <property name="sun.java.command" value="C:\Users\Administrator\AppData\Local\Temp\surefire6342751675928756618\surefirebooter15589358629823974448.jar C:\Users\Administrator\AppData\Local\Temp\surefire6342751675928756618 2020-11-12T15-59-09_305-jvmRun1 surefire17367686987872030483tmp surefire_014559378349965807235tmp"/>
    <property name="jdk.debug" value="release"/>
    <property name="surefire.test.class.path" value="E:\Programming software\Back-endProject\IdeaProject\springboottest1\target\test-classes;E:\Programming software\Back-endProject\IdeaProject\springboottest1\target\classes;E:\ProrammingSoftware\Maven\MavenRepository\org\springframework\boot\spring-boot-starter-web\2.3.5.RELEASE\spring-boot-starter-web-2.3.5.RELEASE.jar;E:\ProrammingSoftware\Maven\MavenRepository\org\springframework\boot\spring-boot-starter\2.3.5.RELEASE\spring-boot-starter-2.3.5.RELEASE.jar;E:\ProrammingSoftware\Maven\MavenRepository\org\springframework\boot\spring-boot\2.3.5.RELEASE\spring-boot-2.3.5.RELEASE.jar;E:\ProrammingSoftware\Maven\MavenRepository\org\springframework\boot\spring-boot-autoconfigure\2.3.5.RELEASE\spring-boot-autoconfigure-2.3.5.RELEASE.jar;E:\ProrammingSoftware\Maven\MavenRepository\org\springframework\boot\spring-boot-starter-logging\2.3.5.RELEASE\spring-boot-starter-logging-2.3.5.RELEASE.jar;E:\ProrammingSoftware\Maven\MavenRepository\ch\qos\logback\logback-classic\1.2.3\logback-classic-1.2.3.jar;E:\ProrammingSoftware\Maven\MavenRepository\ch\qos\logback\logback-core\1.2.3\logback-core-1.2.3.jar;E:\ProrammingSoftware\Maven\MavenRepository\org\apache\logging\log4j\log4j-to-slf4j\2.13.3\log4j-to-slf4j-2.13.3.jar;E:\ProrammingSoftware\Maven\MavenRepository\org\apache\logging\log4j\log4j-api\2.13.3\log4j-api-2.13.3.jar;E:\ProrammingSoftware\Maven\MavenRepository\org\slf4j\jul-to-slf4j\1.7.30\jul-to-slf4j-1.7.30.jar;E:\ProrammingSoftware\Maven\MavenRepository\jakarta\annotation\jakarta.annotation-api\1.3.5\jakarta.annotation-api-1.3.5.jar;E:\ProrammingSoftware\Maven\MavenRepository\org\yaml\snakeyaml\1.26\snakeyaml-1.26.jar;E:\ProrammingSoftware\Maven\MavenRepository\org\springframework\boot\spring-boot-starter-json\2.3.5.RELEASE\spring-boot-starter-json-2.3.5.RELEASE.jar;E:\ProrammingSoftware\Maven\MavenRepository\com\fasterxml\jackson\core\jackson-databind\2.11.3\jackson-databind-2.11.3.jar;E:\ProrammingSoftware\Maven\MavenRepository\com\fasterxml\jackson\core\jackson-annotations\2.11.3\jackson-annotations-2.11.3.jar;E:\ProrammingSoftware\Maven\MavenRepository\com\fasterxml\jackson\core\jackson-core\2.11.3\jackson-core-2.11.3.jar;E:\ProrammingSoftware\Maven\MavenRepository\com\fasterxml\jackson\datatype\jackson-datatype-jdk8\2.11.3\jackson-datatype-jdk8-2.11.3.jar;E:\ProrammingSoftware\Maven\MavenRepository\com\fasterxml\jackson\datatype\jackson-datatype-jsr310\2.11.3\jackson-datatype-jsr310-2.11.3.jar;E:\ProrammingSoftware\Maven\MavenRepository\com\fasterxml\jackson\module\jackson-module-parameter-names\2.11.3\jackson-module-parameter-names-2.11.3.jar;E:\ProrammingSoftware\Maven\MavenRepository\org\springframework\boot\spring-boot-starter-tomcat\2.3.5.RELEASE\spring-boot-starter-tomcat-2.3.5.RELEASE.jar;E:\ProrammingSoftware\Maven\MavenRepository\org\apache\tomcat\embed\tomcat-embed-core\9.0.39\tomcat-embed-core-9.0.39.jar;E:\ProrammingSoftware\Maven\MavenRepository\org\glassfish\jakarta.el\3.0.3\jakarta.el-3.0.3.jar;E:\ProrammingSoftware\Maven\MavenRepository\org\apache\tomcat\embed\tomcat-embed-websocket\9.0.39\tomcat-embed-websocket-9.0.39.jar;E:\ProrammingSoftware\Maven\MavenRepository\org\springframework\spring-web\5.2.10.RELEASE\spring-web-5.2.10.RELEASE.jar;E:\ProrammingSoftware\Maven\MavenRepository\org\springframework\spring-beans\5.2.10.RELEASE\spring-beans-5.2.10.RELEASE.jar;E:\ProrammingSoftware\Maven\MavenRepository\org\springframework\spring-webmvc\5.2.10.RELEASE\spring-webmvc-5.2.10.RELEASE.jar;E:\ProrammingSoftware\Maven\MavenRepository\org\springframework\spring-aop\5.2.10.RELEASE\spring-aop-5.2.10.RELEASE.jar;E:\ProrammingSoftware\Maven\MavenRepository\org\springframework\spring-context\5.2.10.RELEASE\spring-context-5.2.10.RELEASE.jar;E:\ProrammingSoftware\Maven\MavenRepository\org\springframework\spring-expression\5.2.10.RELEASE\spring-expression-5.2.10.RELEASE.jar;E:\ProrammingSoftware\Maven\MavenRepository\org\springframework\boot\spring-boot-starter-test\2.3.5.RELEASE\spring-boot-starter-test-2.3.5.RELEASE.jar;E:\ProrammingSoftware\Maven\MavenRepository\org\springframework\boot\spring-boot-test\2.3.5.RELEASE\spring-boot-test-2.3.5.RELEASE.jar;E:\ProrammingSoftware\Maven\MavenRepository\org\springframework\boot\spring-boot-test-autoconfigure\2.3.5.RELEASE\spring-boot-test-autoconfigure-2.3.5.RELEASE.jar;E:\ProrammingSoftware\Maven\MavenRepository\com\jayway\jsonpath\json-path\2.4.0\json-path-2.4.0.jar;E:\ProrammingSoftware\Maven\MavenRepository\net\minidev\json-smart\2.3\json-smart-2.3.jar;E:\ProrammingSoftware\Maven\MavenRepository\net\minidev\accessors-smart\1.2\accessors-smart-1.2.jar;E:\ProrammingSoftware\Maven\MavenRepository\org\ow2\asm\asm\5.0.4\asm-5.0.4.jar;E:\ProrammingSoftware\Maven\MavenRepository\org\slf4j\slf4j-api\1.7.30\slf4j-api-1.7.30.jar;E:\ProrammingSoftware\Maven\MavenRepository\jakarta\xml\bind\jakarta.xml.bind-api\2.3.3\jakarta.xml.bind-api-2.3.3.jar;E:\ProrammingSoftware\Maven\MavenRepository\jakarta\activation\jakarta.activation-api\1.2.2\jakarta.activation-api-1.2.2.jar;E:\ProrammingSoftware\Maven\MavenRepository\org\assertj\assertj-core\3.16.1\assertj-core-3.16.1.jar;E:\ProrammingSoftware\Maven\MavenRepository\org\hamcrest\hamcrest\2.2\hamcrest-2.2.jar;E:\ProrammingSoftware\Maven\MavenRepository\org\junit\jupiter\junit-jupiter\5.6.3\junit-jupiter-5.6.3.jar;E:\ProrammingSoftware\Maven\MavenRepository\org\junit\jupiter\junit-jupiter-api\5.6.3\junit-jupiter-api-5.6.3.jar;E:\ProrammingSoftware\Maven\MavenRepository\org\apiguardian\apiguardian-api\1.1.0\apiguardian-api-1.1.0.jar;E:\ProrammingSoftware\Maven\MavenRepository\org\opentest4j\opentest4j\1.2.0\opentest4j-1.2.0.jar;E:\ProrammingSoftware\Maven\MavenRepository\org\junit\platform\junit-platform-commons\1.6.3\junit-platform-commons-1.6.3.jar;E:\ProrammingSoftware\Maven\MavenRepository\org\junit\jupiter\junit-jupiter-params\5.6.3\junit-jupiter-params-5.6.3.jar;E:\ProrammingSoftware\Maven\MavenRepository\org\junit\jupiter\junit-jupiter-engine\5.6.3\junit-jupiter-engine-5.6.3.jar;E:\ProrammingSoftware\Maven\MavenRepository\org\junit\platform\junit-platform-engine\1.6.3\junit-platform-engine-1.6.3.jar;E:\ProrammingSoftware\Maven\MavenRepository\org\mockito\mockito-core\3.3.3\mockito-core-3.3.3.jar;E:\ProrammingSoftware\Maven\MavenRepository\net\bytebuddy\byte-buddy\1.10.17\byte-buddy-1.10.17.jar;E:\ProrammingSoftware\Maven\MavenRepository\net\bytebuddy\byte-buddy-agent\1.10.17\byte-buddy-agent-1.10.17.jar;E:\ProrammingSoftware\Maven\MavenRepository\org\objenesis\objenesis\2.6\objenesis-2.6.jar;E:\ProrammingSoftware\Maven\MavenRepository\org\mockito\mockito-junit-jupiter\3.3.3\mockito-junit-jupiter-3.3.3.jar;E:\ProrammingSoftware\Maven\MavenRepository\org\skyscreamer\jsonassert\1.5.0\jsonassert-1.5.0.jar;E:\ProrammingSoftware\Maven\MavenRepository\com\vaadin\external\google\android-json\0.0.20131108.vaadin1\android-json-0.0.20131108.vaadin1.jar;E:\ProrammingSoftware\Maven\MavenRepository\org\springframework\spring-core\5.2.10.RELEASE\spring-core-5.2.10.RELEASE.jar;E:\ProrammingSoftware\Maven\MavenRepository\org\springframework\spring-jcl\5.2.10.RELEASE\spring-jcl-5.2.10.RELEASE.jar;E:\ProrammingSoftware\Maven\MavenRepository\org\springframework\spring-test\5.2.10.RELEASE\spring-test-5.2.10.RELEASE.jar;E:\ProrammingSoftware\Maven\MavenRepository\org\xmlunit\xmlunit-core\2.7.0\xmlunit-core-2.7.0.jar;"/>
    <property name="sun.cpu.endian" value="little"/>
    <property name="user.home" value="C:\Users\Administrator"/>
    <property name="user.language" value="zh"/>
    <property name="java.specification.vendor" value="Oracle Corporation"/>
    <property name="java.home" value="E:\JDK"/>
    <property name="file.separator" value="\"/>
    <property name="basedir" value="E:\Programming software\Back-endProject\IdeaProject\springboottest1"/>
    <property name="java.vm.compressedOopsMode" value="32-bit"/>
    <property name="line.separator" value="&#10;"/>
    <property name="java.vm.specification.vendor" value="Oracle Corporation"/>
    <property name="java.specification.name" value="Java Platform API Specification"/>
    <property name="java.awt.graphicsenv" value="sun.awt.Win32GraphicsEnvironment"/>
    <property name="surefire.real.class.path" value="C:\Users\Administrator\AppData\Local\Temp\surefire6342751675928756618\surefirebooter15589358629823974448.jar"/>
    <property name="user.script" value=""/>
    <property name="sun.management.compiler" value="HotSpot 64-Bit Tiered Compilers"/>
    <property name="java.runtime.version" value="9.0.4+11"/>
    <property name="user.name" value="Administrator"/>
    <property name="path.separator" value=";"/>
    <property name="os.version" value="10.0"/>
    <property name="java.runtime.name" value="Java(TM) SE Runtime Environment"/>
    <property name="file.encoding" value="GBK"/>
    <property name="java.vm.name" value="Java HotSpot(TM) 64-Bit Server VM"/>
    <property name="localRepository" value="E:\ProrammingSoftware\Maven\MavenRepository"/>
    <property name="java.vendor.url.bug" value="http://bugreport.java.com/bugreport/"/>
    <property name="java.io.tmpdir" value="C:\Users\Administrator\AppData\Local\Temp\"/>
    <property name="java.version" value="9.0.4"/>
    <property name="user.dir" value="E:\Programming software\Back-endProject\IdeaProject\springboottest1"/>
    <property name="os.arch" value="amd64"/>
    <property name="java.vm.specification.name" value="Java Virtual Machine Specification"/>
    <property name="java.awt.printerjob" value="sun.awt.windows.WPrinterJob"/>
    <property name="sun.os.patch.level" value=""/>
    <property name="idea.version2019.1.1" value="true"/>
    <property name="java.library.path" value="E:\JDK\bin;C:\Windows\Sun\Java\bin;C:\Windows\system32;C:\Windows;E:\ProrammingSoftware\ConnectToServer\Xshell6\;E:\ProrammingSoftware\ConnectToServer\xftp6\;C:\ProgramData\Oracle\Java\javapath;C:\Windows\system32;C:\Windows;C:\Windows\System32\Wbem;C:\Windows\System32\WindowsPowerShell\v1.0\;C:\Windows\System32\OpenSSH\;C:\Program Files (x86)\NVIDIA Corporation\PhysX\Common;C:\Program Files\NVIDIA Corporation\NVIDIA NvDLISR;E:\JDK\bin;E:\JRE\bin;E:\Calibre\;E:\ProrammingSoftware\MySQL\mysql-8.0.21-winx64\bin;E:\ProrammingSoftware\Maven\apache-maven-3.5.4\bin;E:\ProrammingSoftware\Git\Git\cmd;E:\ProrammingSoftware\NodeJs\NodeJs\;C:\Users\Administrator\AppData\Local\Microsoft\WindowsApps;C:\Users\Administrator\AppData\Roaming\npm;."/>
    <property name="java.vm.info" value="mixed mode"/>
    <property name="java.vendor" value="Oracle Corporation"/>
    <property name="java.vm.version" value="9.0.4+11"/>
    <property name="sun.io.unicode.encoding" value="UnicodeLittle"/>
    <property name="maven.repo.local" value="E:\ProrammingSoftware\Maven\MavenRepository"/>
    <property name="java.class.version" value="53.0"/>
  </properties>
  <testcase name="contextLoads" classname="top.zjjacky.springboottest1.Springboottest1ApplicationTests" time="0.24"/>
</testsuite>